<?xml version="1.0" encoding="UTF-8"?>
<testng-results ignored="0" total="1" passed="1" failed="0" skipped="0">
  <reporter-output>
  </reporter-output>
  <suite started-at="2023-03-21T21:51:51 IST" name="Default suite" finished-at="2023-03-21T21:51:51 IST" duration-ms="33">
    <groups>
    </groups>
    <test started-at="2023-03-21T21:51:51 IST" name="Default test" finished-at="2023-03-21T21:51:51 IST" duration-ms="33">
      <class name="Practice.RunConfigTest">
        <test-method signature="run()[pri:0, instance:Practice.RunConfigTest@44821a96]" started-at="2023-03-21T21:51:51 IST" name="run" finished-at="2023-03-21T21:51:51 IST" duration-ms="6" status="PASS">
          <reporter-output>
          </reporter-output>
        </test-method> <!-- run -->
      </class> <!-- Practice.RunConfigTest -->
    </test> <!-- Default test -->
  </suite> <!-- Default suite -->
</testng-results>
