<?xml version="1.0" encoding="UTF-8"?>
<testng-results ignored="0" total="2" passed="2" failed="0" skipped="0">
  <reporter-output>
  </reporter-output>
  <suite started-at="2023-03-21T10:42:39 IST" name="Practice.PracticeTest" finished-at="2023-03-21T10:42:39 IST" duration-ms="59">
    <groups>
      <group name="smoke">
        <method signature="PracticeTest.m1()[pri:0, instance:Practice.PracticeTest@3e58a80e]" name="m1" class="Practice.PracticeTest"/>
      </group> <!-- smoke -->
    </groups>
    <test started-at="2023-03-21T10:42:39 IST" name="Command line test" finished-at="2023-03-21T10:42:39 IST" duration-ms="59">
      <class name="Practice.PracticeTest">
        <test-method signature="a()[pri:0, instance:Practice.PracticeTest@3e58a80e]" started-at="2023-03-21T10:42:39 IST" name="a" finished-at="2023-03-21T10:42:39 IST" duration-ms="3" status="PASS">
          <reporter-output>
          </reporter-output>
        </test-method> <!-- a -->
        <test-method signature="m1()[pri:0, instance:Practice.PracticeTest@3e58a80e]" started-at="2023-03-21T10:42:39 IST" name="m1" finished-at="2023-03-21T10:42:39 IST" duration-ms="0" status="PASS">
          <reporter-output>
          </reporter-output>
        </test-method> <!-- m1 -->
      </class> <!-- Practice.PracticeTest -->
    </test> <!-- Command line test -->
  </suite> <!-- Practice.PracticeTest -->
</testng-results>
