<?xml version="1.0" encoding="UTF-8"?>
<testng-results ignored="0" total="2" passed="2" failed="0" skipped="0">
  <reporter-output>
  </reporter-output>
  <suite started-at="2022-12-22T14:26:59 IST" name="Default suite" finished-at="2022-12-22T14:26:59 IST" duration-ms="184">
    <groups>
    </groups>
    <test started-at="2022-12-22T14:26:59 IST" name="Default test" finished-at="2022-12-22T14:26:59 IST" duration-ms="184">
      <class name="com.section3.test4">
        <test-method signature="signup()[pri:0, instance:com.section3.test4@323b36e0]" started-at="2022-12-22T14:26:59 IST" name="signup" finished-at="2022-12-22T14:26:59 IST" duration-ms="34" status="PASS">
          <reporter-output>
          </reporter-output>
        </test-method> <!-- signup -->
        <test-method signature="signin()[pri:0, instance:com.section3.test4@323b36e0]" started-at="2022-12-22T14:26:59 IST" name="signin" finished-at="2022-12-22T14:26:59 IST" depends-on-methods="com.section3.test4.signup" duration-ms="2" status="PASS">
          <reporter-output>
          </reporter-output>
        </test-method> <!-- signin -->
      </class> <!-- com.section3.test4 -->
    </test> <!-- Default test -->
  </suite> <!-- Default suite -->
</testng-results>
