<?xml version="1.0" encoding="UTF-8"?>
<testng-results ignored="0" total="1" passed="1" failed="0" skipped="0">
  <reporter-output>
  </reporter-output>
  <suite started-at="2023-04-04T14:07:42 IST" name="Default suite" finished-at="2023-04-04T14:08:08 IST" duration-ms="25697">
    <groups>
    </groups>
    <test started-at="2023-04-04T14:07:42 IST" name="Default test" finished-at="2023-04-04T14:08:08 IST" duration-ms="25697">
      <class name="Demo">
        <test-method is-config="true" signature="launchBrowser()[pri:0, instance:Demo@35aea049]" started-at="2023-04-04T14:07:42 IST" name="launchBrowser" finished-at="2023-04-04T14:07:49 IST" duration-ms="6795" status="PASS">
          <reporter-output>
          </reporter-output>
        </test-method> <!-- launchBrowser -->
        <test-method is-config="true" signature="loginAplctn()[pri:0, instance:Demo@35aea049]" started-at="2023-04-04T14:07:49 IST" name="loginAplctn" finished-at="2023-04-04T14:08:01 IST" duration-ms="12245" status="PASS">
          <reporter-output>
          </reporter-output>
        </test-method> <!-- loginAplctn -->
        <test-method signature="m()[pri:0, instance:Demo@35aea049]" started-at="2023-04-04T14:08:01 IST" name="m" finished-at="2023-04-04T14:08:06 IST" duration-ms="4932" status="PASS">
          <reporter-output>
          </reporter-output>
        </test-method> <!-- m -->
        <test-method is-config="true" signature="logoutAplctn()[pri:0, instance:Demo@35aea049]" started-at="2023-04-04T14:08:06 IST" name="logoutAplctn" finished-at="2023-04-04T14:08:08 IST" duration-ms="1480" status="PASS">
          <reporter-output>
          </reporter-output>
        </test-method> <!-- logoutAplctn -->
        <test-method is-config="true" signature="closeBrowser()[pri:0, instance:Demo@35aea049]" started-at="2023-04-04T14:08:08 IST" name="closeBrowser" finished-at="2023-04-04T14:08:08 IST" duration-ms="196" status="PASS">
          <reporter-output>
          </reporter-output>
        </test-method> <!-- closeBrowser -->
      </class> <!-- Demo -->
    </test> <!-- Default test -->
  </suite> <!-- Default suite -->
</testng-results>
